e:\2-c++\fnn3\fnn\x64\release\qrc_fnn.obj
e:\2-c++\fnn3\fnn\x64\release\cnnmodel.obj
e:\2-c++\fnn3\fnn\x64\release\readcifar10.obj
e:\2-c++\fnn3\fnn\x64\release\cnnlayer.obj
e:\2-c++\fnn3\fnn\x64\release\charrecog.obj
e:\2-c++\fnn3\fnn\x64\release\fnn.obj
e:\2-c++\fnn3\fnn\x64\release\main.obj
e:\2-c++\fnn3\fnn\x64\release\moc_fnn.obj
e:\2-c++\fnn3\fnn\generatedfiles\ui_fnn.h
e:\2-c++\fnn3\fnn\generatedfiles\qrc_fnn.cpp
e:\2-c++\fnn3\fnn\generatedfiles\release\moc_fnn.cpp
e:\2-c++\fnn3\x64\release\fnn.exe
e:\2-c++\fnn3\fnn\.\generatedfiles\release\moc_fnn.cpp
e:\2-c++\fnn3\fnn\.\generatedfiles\qrc_fnn.cpp
e:\2-c++\fnn3\fnn\.\generatedfiles\ui_fnn.h
e:\2-c++\fnn3\fnn\x64\release\fnn.tlog\cl.command.1.tlog
e:\2-c++\fnn3\fnn\x64\release\fnn.tlog\cl.read.1.tlog
e:\2-c++\fnn3\fnn\x64\release\fnn.tlog\cl.write.1.tlog
e:\2-c++\fnn3\fnn\x64\release\fnn.tlog\fnn.write.1u.tlog
e:\2-c++\fnn3\fnn\x64\release\fnn.tlog\link.command.1.tlog
e:\2-c++\fnn3\fnn\x64\release\fnn.tlog\link.read.1.tlog
e:\2-c++\fnn3\fnn\x64\release\fnn.tlog\link.write.1.tlog
e:\2-c++\fnn3\fnn\x64\release\fnn.tlog\moc.read.1u.tlog
e:\2-c++\fnn3\fnn\x64\release\fnn.tlog\moc.write.1u.tlog
e:\2-c++\fnn3\fnn\x64\release\fnn.tlog\rcc.read.1u.tlog
e:\2-c++\fnn3\fnn\x64\release\fnn.tlog\rcc.write.1u.tlog
e:\2-c++\fnn3\fnn\x64\release\fnn.tlog\uic.read.1u.tlog
e:\2-c++\fnn3\fnn\x64\release\fnn.tlog\uic.write.1u.tlog
