   Qt/MSBuild: 3.3.0.13
   Qt: 5.9.9
  CharRecog.cpp
  CNNLayer.cpp
  CNNModel.cpp
  FNN.cpp
  main.cpp
  readCifar10.cpp
E:\2-C++\FNN5-simd 1.5 - multiThread 2\FNN\CNNLayer.h(10,1): warning C4103: 包括标题后更改了对齐方式，可能是由于缺少 #pragma pack(pop) (编译源文件 CNNModel.cpp)
E:\2-C++\FNN5-simd 1.5 - multiThread 2\FNN\CNNModel.h(3,1): warning C4103: 包括标题后更改了对齐方式，可能是由于缺少 #pragma pack(pop) (编译源文件 CNNModel.cpp)
E:\2-C++\FNN5-simd 1.5 - multiThread 2\FNN\CNNLayer.h(10,1): warning C4103: 包括标题后更改了对齐方式，可能是由于缺少 #pragma pack(pop) (编译源文件 readCifar10.cpp)
E:\2-C++\FNN5-simd 1.5 - multiThread 2\FNN\readCifar10.h(3,1): warning C4103: 包括标题后更改了对齐方式，可能是由于缺少 #pragma pack(pop) (编译源文件 readCifar10.cpp)
E:\2-C++\FNN5-simd 1.5 - multiThread 2\FNN\readCifar10.cpp(1,1): warning C4103: 包括标题后更改了对齐方式，可能是由于缺少 #pragma pack(pop)
E:\2-C++\FNN5-simd 1.5 - multiThread 2\FNN\CNNLayer.h(10,1): warning C4103: 包括标题后更改了对齐方式，可能是由于缺少 #pragma pack(pop) (编译源文件 CNNLayer.cpp)
E:\2-C++\FNN5-simd 1.5 - multiThread 2\FNN\CNNLayer.cpp(1,1): warning C4103: 包括标题后更改了对齐方式，可能是由于缺少 #pragma pack(pop)
E:\2-C++\FNN5-simd 1.5 - multiThread 2\FNN\CNNModel.cpp(1067): warning C4700: 使用了未初始化的局部变量“nlayerHead”
E:\2-C++\FNN5-simd 1.5 - multiThread 2\FNN\CNNModel.cpp(1100): warning C4700: 使用了未初始化的局部变量“nlayerHead”
E:\2-C++\FNN5-simd 1.5 - multiThread 2\FNN\CNNLayer.h(10,1): warning C4103: 包括标题后更改了对齐方式，可能是由于缺少 #pragma pack(pop) (编译源文件 FNN.cpp)
E:\2-C++\FNN5-simd 1.5 - multiThread 2\FNN\CNNLayer.h(10,1): warning C4103: 包括标题后更改了对齐方式，可能是由于缺少 #pragma pack(pop) (编译源文件 main.cpp)
E:\2-C++\FNN5-simd 1.5 - multiThread 2\FNN\FNN.h(9,1): warning C4103: 包括标题后更改了对齐方式，可能是由于缺少 #pragma pack(pop) (编译源文件 FNN.cpp)
E:\2-C++\FNN5-simd 1.5 - multiThread 2\FNN\FNN.h(9,1): warning C4103: 包括标题后更改了对齐方式，可能是由于缺少 #pragma pack(pop) (编译源文件 main.cpp)
E:\2-C++\FNN5-simd 1.5 - multiThread 2\FNN\FNN.cpp(123): warning C4700: 使用了未初始化的局部变量“o”
  qrc_FNN.cpp
  moc_FNN.cpp
E:\2-C++\FNN5-simd 1.5 - multiThread 2\FNN\CNNLayer.h(10,1): warning C4103: 包括标题后更改了对齐方式，可能是由于缺少 #pragma pack(pop)
E:\2-C++\FNN5-simd 1.5 - multiThread 2\FNN\FNN.h(9,1): warning C4103: 包括标题后更改了对齐方式，可能是由于缺少 #pragma pack(pop)
  FNN.vcxproj -> E:\2-C++\FNN5-simd 1.5 - multiThread 2\x64\Release\FNN.exe
