e:\2-c++\fnn4\fnn\x64\debug\fnn.obj
e:\2-c++\fnn4\fnn\x64\debug\readcifar10.obj
e:\2-c++\fnn4\fnn\x64\debug\main.obj
e:\2-c++\fnn4\fnn\x64\debug\cnnlayer.obj
e:\2-c++\fnn4\fnn\x64\debug\cnnmodel.obj
e:\2-c++\fnn4\fnn\x64\debug\charrecog.obj
e:\2-c++\fnn4\fnn\x64\debug\vc142.pdb
e:\2-c++\fnn4\fnn\x64\debug\qrc_fnn.obj
e:\2-c++\fnn4\fnn\x64\debug\moc_fnn.obj
e:\2-c++\fnn5\fnn\x64\debug\cnnlayer.obj
e:\2-c++\fnn5\fnn\x64\debug\charrecog.obj
e:\2-c++\fnn5\fnn\x64\debug\cnnmodel.obj
e:\2-c++\fnn5\fnn\x64\debug\main.obj
e:\2-c++\fnn5\fnn\x64\debug\readcifar10.obj
e:\2-c++\fnn5\fnn\x64\debug\vc142.pdb
e:\2-c++\fnn5\fnn\x64\debug\fnn.obj
e:\2-c++\fnn5\fnn\x64\debug\qrc_fnn.obj
e:\2-c++\fnn5\fnn\x64\debug\moc_fnn.obj
e:\2-c++\fnn4\fnn\generatedfiles\ui_fnn.h
e:\2-c++\fnn4\fnn\generatedfiles\qrc_fnn.cpp
e:\2-c++\fnn4\fnn\generatedfiles\debug\moc_fnn.cpp
e:\2-c++\fnn5\fnn\generatedfiles\ui_fnn.h
e:\2-c++\fnn5\fnn\generatedfiles\qrc_fnn.cpp
e:\2-c++\fnn5\fnn\generatedfiles\debug\moc_fnn.cpp
e:\2-c++\fnn5\fnn\.\generatedfiles\debug\moc_fnn.cpp
e:\2-c++\fnn5\fnn\.\generatedfiles\qrc_fnn.cpp
e:\2-c++\fnn5\fnn\.\generatedfiles\ui_fnn.h
e:\2-c++\fnn5\fnn\x64\debug\fnn.tlog\cl.command.1.tlog
e:\2-c++\fnn5\fnn\x64\debug\fnn.tlog\cl.read.1.tlog
e:\2-c++\fnn5\fnn\x64\debug\fnn.tlog\cl.write.1.tlog
e:\2-c++\fnn5\fnn\x64\debug\fnn.tlog\fnn.write.1u.tlog
e:\2-c++\fnn5\fnn\x64\debug\fnn.tlog\link.command.1.tlog
e:\2-c++\fnn5\fnn\x64\debug\fnn.tlog\link.read.1.tlog
e:\2-c++\fnn5\fnn\x64\debug\fnn.tlog\link.write.1.tlog
e:\2-c++\fnn5\fnn\x64\debug\fnn.tlog\moc.read.1u.tlog
e:\2-c++\fnn5\fnn\x64\debug\fnn.tlog\moc.write.1u.tlog
e:\2-c++\fnn5\fnn\x64\debug\fnn.tlog\rcc.read.1u.tlog
e:\2-c++\fnn5\fnn\x64\debug\fnn.tlog\rcc.write.1u.tlog
e:\2-c++\fnn5\fnn\x64\debug\fnn.tlog\uic.read.1u.tlog
e:\2-c++\fnn5\fnn\x64\debug\fnn.tlog\uic.write.1u.tlog
